<?xml version="1.0" encoding="UTF-8"?>
<testng-results ignored="0" total="2" passed="2" failed="0" skipped="0">
  <reporter-output>
  </reporter-output>
  <suite started-at="2023-04-03T14:22:21 IST" name="Automation Core Framework - Integration Test Suite" finished-at="2023-04-03T14:22:34 IST" duration-ms="13035">
    <groups>
    </groups>
    <test started-at="2023-04-03T14:22:21 IST" name="Chrome Browser Test" finished-at="2023-04-03T14:22:30 IST" duration-ms="8840">
      <class name="com.qburst.testing.automationcore.testng.BrowserTest">
        <test-method is-config="true" signature="beforeTest(java.lang.String,java.lang.String)[pri:0, instance:com.qburst.testing.automationcore.testng.BrowserTest@595b007d]" started-at="2023-04-03T14:22:21 IST" name="beforeTest" finished-at="2023-04-03T14:22:21 IST" duration-ms="2" status="PASS">
          <params>
            <param index="0">
              <value is-null="true"/>
            </param>
            <param index="1">
              <value>
                <![CDATA[chrome]]>
              </value>
            </param>
          </params>
          <reporter-output>
          </reporter-output>
        </test-method> <!-- beforeTest -->
        <test-method is-config="true" signature="beforeMethod()[pri:0, instance:com.qburst.testing.automationcore.testng.BrowserTest@595b007d]" started-at="2023-04-03T14:22:21 IST" name="beforeMethod" finished-at="2023-04-03T14:22:24 IST" duration-ms="3292" status="PASS">
          <reporter-output>
          </reporter-output>
        </test-method> <!-- beforeMethod -->
        <test-method signature="vefifyBrowser()[pri:0, instance:com.qburst.testing.automationcore.testng.BrowserTest@595b007d]" started-at="2023-04-03T14:22:24 IST" name="vefifyBrowser" description="Verify the framework is able to open browser" finished-at="2023-04-03T14:22:27 IST" duration-ms="3145" status="PASS">
          <reporter-output>
          </reporter-output>
        </test-method> <!-- vefifyBrowser -->
        <test-method is-config="true" signature="afterMethod()[pri:0, instance:com.qburst.testing.automationcore.testng.BrowserTest@595b007d]" started-at="2023-04-03T14:22:28 IST" name="afterMethod" finished-at="2023-04-03T14:22:30 IST" duration-ms="2029" status="PASS">
          <reporter-output>
          </reporter-output>
        </test-method> <!-- afterMethod -->
      </class> <!-- com.qburst.testing.automationcore.testng.BrowserTest -->
    </test> <!-- Chrome Browser Test -->
    <test started-at="2023-04-03T14:22:21 IST" name="Firefox Browser Test" finished-at="2023-04-03T14:22:34 IST" duration-ms="13035">
      <class name="com.qburst.testing.automationcore.testng.BrowserTest">
        <test-method is-config="true" signature="beforeSuite(java.lang.String,java.lang.String)[pri:0, instance:com.qburst.testing.automationcore.testng.BrowserTest@351d00c0]" started-at="2023-04-03T14:22:21 IST" name="beforeSuite" finished-at="2023-04-03T14:22:21 IST" duration-ms="23" status="PASS">
          <params>
            <param index="0">
              <value>
                <![CDATA[web]]>
              </value>
            </param>
            <param index="1">
              <value is-null="true"/>
            </param>
          </params>
          <reporter-output>
          </reporter-output>
        </test-method> <!-- beforeSuite -->
        <test-method is-config="true" signature="beforeTest(java.lang.String,java.lang.String)[pri:0, instance:com.qburst.testing.automationcore.testng.BrowserTest@351d00c0]" started-at="2023-04-03T14:22:21 IST" name="beforeTest" finished-at="2023-04-03T14:22:21 IST" duration-ms="1" status="PASS">
          <params>
            <param index="0">
              <value is-null="true"/>
            </param>
            <param index="1">
              <value>
                <![CDATA[firefox]]>
              </value>
            </param>
          </params>
          <reporter-output>
          </reporter-output>
        </test-method> <!-- beforeTest -->
        <test-method is-config="true" signature="beforeMethod()[pri:0, instance:com.qburst.testing.automationcore.testng.BrowserTest@351d00c0]" started-at="2023-04-03T14:22:21 IST" name="beforeMethod" finished-at="2023-04-03T14:22:29 IST" duration-ms="8534" status="PASS">
          <reporter-output>
          </reporter-output>
        </test-method> <!-- beforeMethod -->
        <test-method signature="vefifyBrowser()[pri:0, instance:com.qburst.testing.automationcore.testng.BrowserTest@351d00c0]" started-at="2023-04-03T14:22:29 IST" name="vefifyBrowser" description="Verify the framework is able to open browser" finished-at="2023-04-03T14:22:31 IST" duration-ms="2182" status="PASS">
          <reporter-output>
          </reporter-output>
        </test-method> <!-- vefifyBrowser -->
        <test-method is-config="true" signature="afterMethod()[pri:0, instance:com.qburst.testing.automationcore.testng.BrowserTest@351d00c0]" started-at="2023-04-03T14:22:32 IST" name="afterMethod" finished-at="2023-04-03T14:22:34 IST" duration-ms="2159" status="PASS">
          <reporter-output>
          </reporter-output>
        </test-method> <!-- afterMethod -->
        <test-method is-config="true" signature="tearDown()[pri:0, instance:com.qburst.testing.automationcore.testng.BrowserTest@351d00c0]" started-at="2023-04-03T14:22:34 IST" name="tearDown" finished-at="2023-04-03T14:22:34 IST" duration-ms="2" status="PASS">
          <reporter-output>
          </reporter-output>
        </test-method> <!-- tearDown -->
      </class> <!-- com.qburst.testing.automationcore.testng.BrowserTest -->
    </test> <!-- Firefox Browser Test -->
  </suite> <!-- Automation Core Framework - Integration Test Suite -->
</testng-results>
